1657358126857	geckodriver	INFO	Listening on 127.0.0.1:60431
1657358129889	mozrunner::runner	INFO	Running command: "C:\\Program Files\\Mozilla Firefox\\firefox.exe" "--marionette" "--remote-debugging-port" "60432" "--remote-allow-hosts" "localhost" "-no-remote" "-profile" "C:\\Users\\ATITBI~1\\AppData\\Local\\Temp\\rust_mozprofileshM7xx"
1657358130210	Marionette	INFO	Marionette enabled
1657358130214	Marionette	INFO	Listening on port 60441
WebDriver BiDi listening on ws://localhost:60432
Read port: 60441
1657358130724	RemoteAgent	WARN	TLS certificate errors will be ignored for this session
console.warn: SearchSettings: "get: No settings file exists, new profile?" (new NotFoundError("Could not open the file at C:\\Users\\ATITBI~1\\AppData\\Local\\Temp\\rust_mozprofileshM7xx\\search.json.mozlz4", (void 0)))
1657358134216	Marionette	INFO	Stopped listening on port 60441
1657358134221	CDP	WARN	Failed to remove undefined (Could not parse path (undefined): NS_ERROR_FILE_UNRECOGNIZED_PATH)
JavaScript error: resource://activity-stream/lib/ActivityStreamPrefs.jsm, line 27: NS_ERROR_ILLEGAL_VALUE: Component returned failure code: 0x80070057 (NS_ERROR_ILLEGAL_VALUE) [nsIPrefBranch.removeObserver]
1657358266990	geckodriver	INFO	Listening on 127.0.0.1:60482
1657358270074	mozrunner::runner	INFO	Running command: "C:\\Program Files\\Mozilla Firefox\\firefox.exe" "--marionette" "--remote-debugging-port" "60483" "--remote-allow-hosts" "localhost" "-no-remote" "-profile" "C:\\Users\\ATITBI~1\\AppData\\Local\\Temp\\rust_mozprofileCKlK0q"
1657358270365	Marionette	INFO	Marionette enabled
1657358270369	Marionette	INFO	Listening on port 60492
WebDriver BiDi listening on ws://localhost:60483
Read port: 60492
1657358270951	RemoteAgent	WARN	TLS certificate errors will be ignored for this session
console.warn: SearchSettings: "get: No settings file exists, new profile?" (new NotFoundError("Could not open the file at C:\\Users\\ATITBI~1\\AppData\\Local\\Temp\\rust_mozprofileCKlK0q\\search.json.mozlz4", (void 0)))
DevTools listening on ws://localhost:60483/devtools/browser/6003d21c-b571-431c-9281-67f8a26fa708
JavaScript warning: https://static.xx.fbcdn.net/rsrc.php/v3iqES4/yu/l/en_US/9MewECx4VB1.js?_nc_x=Ij3Wp8lg5Kz, line 16: WEBGL_debug_renderer_info is deprecated in Firefox and will be removed. Please use RENDERER.
1657358285742	Marionette	INFO	Stopped listening on port 60492
JavaScript error: chrome://remote/content/marionette/cert.js, line 55: NS_ERROR_NOT_AVAILABLE: Component returned failure code: 0x80040111 (NS_ERROR_NOT_AVAILABLE) [nsICertOverrideService.setDisableAllSecurityChecksAndLetAttackersInterceptMyData]
!!! error running onStopped callback: TypeError: callback is not a function
console.warn: TopSitesFeed: Failed to fetch data from Contile server: NetworkError when attempting to fetch resource.
1657358286237	RemoteAgent	ERROR	unable to stop listener: [Exception... "Component returned failure code: 0x80040111 (NS_ERROR_NOT_AVAILABLE) [nsICertOverrideService.setDisableAllSecurityChecksAndLetAttackersInterceptMyData]"  nsresult: "0x80040111 (NS_ERROR_NOT_AVAILABLE)"  location: "JS frame :: chrome://remote/content/marionette/cert.js :: allowAllCerts.disable :: line 55"  data: no] Stack trace: allowAllCerts.disable()@cert.js:55
destroy()@Session.jsm:202
deleteSession()@WebDriverBiDi.jsm:143
stop()@WebDriverBiDi.jsm:218
observe()@resource://gre/modules/AsyncShutdown.jsm:575
1657358541850	geckodriver	INFO	Listening on 127.0.0.1:60595
1657358544877	mozrunner::runner	INFO	Running command: "C:\\Program Files\\Mozilla Firefox\\firefox.exe" "--marionette" "--remote-debugging-port" "60596" "--remote-allow-hosts" "localhost" "-no-remote" "-profile" "C:\\Users\\ATITBI~1\\AppData\\Local\\Temp\\rust_mozprofilef0NF7t"
1657358545174	Marionette	INFO	Marionette enabled
1657358545178	Marionette	INFO	Listening on port 60605
WebDriver BiDi listening on ws://localhost:60596
Read port: 60605
1657358545628	RemoteAgent	WARN	TLS certificate errors will be ignored for this session
console.warn: SearchSettings: "get: No settings file exists, new profile?" (new NotFoundError("Could not open the file at C:\\Users\\ATITBI~1\\AppData\\Local\\Temp\\rust_mozprofilef0NF7t\\search.json.mozlz4", (void 0)))
DevTools listening on ws://localhost:60596/devtools/browser/41066179-84c1-4df1-88a9-3ec95ccf4003
1657358551039	Marionette	INFO	Stopped listening on port 60605
console.warn: TopSitesFeed: Failed to fetch data from Contile server: NetworkError when attempting to fetch resource.
JavaScript error: chrome://remote/content/marionette/cert.js, line 55: NS_ERROR_NOT_AVAILABLE: Component returned failure code: 0x80040111 (NS_ERROR_NOT_AVAILABLE) [nsICertOverrideService.setDisableAllSecurityChecksAndLetAttackersInterceptMyData]
1657358551072	RemoteAgent	ERROR	unable to stop listener: [Exception... "Component returned failure code: 0x80040111 (NS_ERROR_NOT_AVAILABLE) [nsICertOverrideService.setDisableAllSecurityChecksAndLetAttackersInterceptMyData]"  nsresult: "0x80040111 (NS_ERROR_NOT_AVAILABLE)"  location: "JS frame :: chrome://remote/content/marionette/cert.js :: allowAllCerts.disable :: line 55"  data: no] Stack trace: allowAllCerts.disable()@cert.js:55
destroy()@Session.jsm:202
deleteSession()@WebDriverBiDi.jsm:143
stop()@WebDriverBiDi.jsm:218
!!! error running onStopped callback: TypeError: callback is not a function
console.log: "RemoteSettingsWorker error: Error: Can't import when we've started shutting down."
JavaScript error: resource://gre/modules/JSONFile.jsm, line 186: Error: Data is not ready.
console.log: "RemoteSettingsWorker error: Error: Can't import when we've started shutting down."
console.log: "RemoteSettingsWorker error: Error: Can't import when we've started shutting down."
console.log: "RemoteSettingsWorker error: Error: Can't import when we've started shutting down."
console.log: "RemoteSettingsWorker error: Error: Can't import when we've started shutting down."
console.log: "RemoteSettingsWorker error: Error: Can't import when we've started shutting down."
JavaScript error: resource://gre/modules/CrashManager.jsm, line 906: AbortError: IOUtils: Shutting down and refusing additional I/O tasks
RunWatchdog: Mainthread nested event loops during hang: 
 --- (no nested event loop active)
1657612025554	geckodriver	INFO	Listening on 127.0.0.1:59952
1657612028624	mozrunner::runner	INFO	Running command: "C:\\Program Files\\Mozilla Firefox\\firefox.exe" "--marionette" "--remote-debugging-port" "59953" "--remote-allow-hosts" "localhost" "-no-remote" "-profile" "C:\\Users\\ATITBI~1\\AppData\\Local\\Temp\\rust_mozprofileO0v9Ky"
1657612039116	Marionette	INFO	Marionette enabled
1657612039185	Marionette	INFO	Listening on port 59962
WebDriver BiDi listening on ws://localhost:59953
Read port: 59962
Read port: 59962
Read port: 59962
1657612042718	RemoteAgent	WARN	TLS certificate errors will be ignored for this session
console.error: Region.jsm: "Error fetching region" (new Error("TIMEOUT", "resource://gre/modules/Region.jsm", 767))
console.error: Region.jsm: "Failed to fetch region" (new Error("TIMEOUT", "resource://gre/modules/Region.jsm", 419))
console.warn: SearchSettings: "get: No settings file exists, new profile?" (new NotFoundError("Could not open the file at C:\\Users\\ATITBI~1\\AppData\\Local\\Temp\\rust_mozprofileO0v9Ky\\search.json.mozlz4", (void 0)))
DevTools listening on ws://localhost:59953/devtools/browser/e4b6f2a5-9cc2-48b9-9897-d72806e2c865
JavaScript warning: https://static.xx.fbcdn.net/rsrc.php/v3iqES4/y-/l/en_US/x-cF8Z05OWU.js?_nc_x=Ij3Wp8lg5Kz, line 16: WEBGL_debug_renderer_info is deprecated in Firefox and will be removed. Please use RENDERER.
1657612078335	Marionette	INFO	Stopped listening on port 59962
